Using pre-set license
Built from '2021.3/staging' branch; Version is '2021.3.14f1 (eee1884e7226) revision 15655304'; Using compiler version '192829333'; Build Type 'Release'
OS: 'Windows 11  (10.0.22000) 64bit CoreSingleLanguage' Language: 'ru' Physical Memory: 8002 MB
BatchMode: 1, IsHumanControllingUs: 0, StartBugReporterOnCrash: 0, Is64bit: 1, IsPro: 1

COMMAND LINE ARGUMENTS:
C:\Program Files\Unity\Hub\Editor\2021.3.14f1\Editor\Unity.exe
-adb2
-batchMode
-noUpm
-name
AssetImportWorker11
-projectPath
C:/Users/Admin/Desktop/Task2
-logFile
Logs/AssetImportWorker11.log
-srvPort
6615
Successfully changed project path to: C:/Users/Admin/Desktop/Task2
C:/Users/Admin/Desktop/Task2
[UnityMemory] Configuration Parameters - Can be set up in boot.config
    "memorysetup-bucket-allocator-granularity=16"
    "memorysetup-bucket-allocator-bucket-count=8"
    "memorysetup-bucket-allocator-block-size=33554432"
    "memorysetup-bucket-allocator-block-count=8"
    "memorysetup-main-allocator-block-size=16777216"
    "memorysetup-thread-allocator-block-size=16777216"
    "memorysetup-gfx-main-allocator-block-size=16777216"
    "memorysetup-gfx-thread-allocator-block-size=16777216"
    "memorysetup-cache-allocator-block-size=4194304"
    "memorysetup-typetree-allocator-block-size=2097152"
    "memorysetup-profiler-bucket-allocator-granularity=16"
    "memorysetup-profiler-bucket-allocator-bucket-count=8"
    "memorysetup-profiler-bucket-allocator-block-size=33554432"
    "memorysetup-profiler-bucket-allocator-block-count=8"
    "memorysetup-profiler-allocator-block-size=16777216"
    "memorysetup-profiler-editor-allocator-block-size=1048576"
    "memorysetup-temp-allocator-size-main=16777216"
    "memorysetup-job-temp-allocator-block-size=2097152"
    "memorysetup-job-temp-allocator-block-size-background=1048576"
    "memorysetup-job-temp-allocator-reduction-small-platforms=262144"
    "memorysetup-temp-allocator-size-background-worker=32768"
    "memorysetup-temp-allocator-size-job-worker=262144"
    "memorysetup-temp-allocator-size-preload-manager=33554432"
    "memorysetup-temp-allocator-size-nav-mesh-worker=65536"
    "memorysetup-temp-allocator-size-audio-worker=65536"
    "memorysetup-temp-allocator-size-cloud-worker=32768"
    "memorysetup-temp-allocator-size-gi-baking-worker=262144"
    "memorysetup-temp-allocator-size-gfx=262144"
Refreshing native plugins compatible for Editor in 7026.24 ms, found 3 plugins.
Preloading 0 native plugins for Editor in 0.00 ms.
Initialize engine version: 2021.3.14f1 (eee1884e7226)
[Subsystems] Discovering subsystems at path C:/Program Files/Unity/Hub/Editor/2021.3.14f1/Editor/Data/Resources/UnitySubsystems
[Subsystems] Discovering subsystems at path C:/Users/Admin/Desktop/Task2/Assets
GfxDevice: creating device client; threaded=0; jobified=0
Direct3D:
    Version:  Direct3D 11.0 [level 11.1]
    Renderer: Microsoft Basic Render Driver (ID=0x8c)
    Vendor:   Microsoft
    VRAM:     4001 MB
Initialize mono
Mono path[0] = 'C:/Program Files/Unity/Hub/Editor/2021.3.14f1/Editor/Data/Managed'
Mono path[1] = 'C:/Program Files/Unity/Hub/Editor/2021.3.14f1/Editor/Data/MonoBleedingEdge/lib/mono/unityjit-win32'
Mono config path = 'C:/Program Files/Unity/Hub/Editor/2021.3.14f1/Editor/Data/MonoBleedingEdge/etc'
Using monoOptions --debugger-agent=transport=dt_socket,embedding=1,server=y,suspend=n,address=127.0.0.1:56976
Begin MonoManager ReloadAssembly
Registering precompiled unity dll's ...
Register platform support module: C:/Program Files/Unity/Hub/Editor/2021.3.14f1/Editor/Data/PlaybackEngines/WindowsStandaloneSupport/UnityEditor.WindowsStandalone.Extensions.dll
Registered in 0.051467 seconds.
Could not allocate 8192 bytes
Crash!!!
SymInit: Symbol-SearchPath: 'C:/Program Files/Unity/Hub/Editor/2021.3.14f1/Editor/Data/Mono;.;C:\Users\Admin\Desktop\Task2;C:\Users\Admin\Desktop\Task2\Library\BurstCache\JIT;C:\Program Files\Unity\Hub\Editor\2021.3.14f1\Editor;C:\WINDOWS;C:\WINDOWS\system32;SRV*C:\websymbols*http://msdl.microsoft.com/download/symbols;', symOptions: 534, UserName: 'Admin'
OS-Version: 10.0.0
C:\Program Files\Unity\Hub\Editor\2021.3.14f1\Editor\Unity.exe:Unity.exe (00007FF765900000), size: 73654272 (result: 0), SymType: '-deferred-', PDB: '', fileVersion: 2021.3.14.57736
C:\WINDOWS\SYSTEM32\ntdll.dll:ntdll.dll (00007FFCD7B20000), size: 2134016 (result: 0), SymType: '-deferred-', PDB: '', fileVersion: 10.0.22000.918
C:\WINDOWS\System32\KERNEL32.DLL:KERNEL32.DLL (00007FFCD70D0000), size: 778240 (result: 0), SymType: '-deferred-', PDB: '', fileVersion: 10.0.22000.1335
C:\WINDOWS\System32\KERNELBASE.dll:KERNELBASE.dll (00007FFCD5110000), size: 3649536 (result: 0), SymType: '-deferred-', PDB: '', fileVersion: 10.0.22000.1335
C:\WINDOWS\System32\CRYPT32.dll:CRYPT32.dll (00007FFCD5500000), size: 1449984 (result: 0), SymType: '-deferred-', PDB: '', fileVersion: 10.0.22000.1098
C:\WINDOWS\System32\ucrtbase.dll:ucrtbase.dll (00007FFCD4FF0000), size: 1118208 (result: 0), SymType: '-deferred-', PDB: '', fileVersion: 10.0.22000.1
C:\WINDOWS\System32\USER32.dll:USER32.dll (00007FFCD7820000), size: 1757184 (result: 0), SymType: '-deferred-', PDB: '', fileVersion: 10.0.22000.1281
C:\Program Files\Unity\Hub\Editor\2021.3.14f1\Editor\optix.6.0.0.dll:optix.6.0.0.dll (00007FFCC7960000), size: 208896 (result: 0), SymType: '-deferred-', PDB: '', fileVersion: 6.0.0.0
C:\WINDOWS\System32\win32u.dll:win32u.dll (00007FFCD57D0000), size: 155648 (result: 0), SymType: '-deferred-', PDB: '', fileVersion: 10.0.22000.1335
C:\WINDOWS\System32\GDI32.dll:GDI32.dll (00007FFCD5B30000), size: 167936 (result: 0), SymType: '-deferred-', PDB: '', fileVersion: 10.0.22000.832
C:\WINDOWS\System32\gdi32full.dll:gdi32full.dll (00007FFCD5880000), size: 1146880 (result: 0), SymType: '-deferred-', PDB: '', fileVersion: 10.0.22000.1335
C:\WINDOWS\System32\msvcp_win.dll:msvcp_win.dll (00007FFCD5670000), size: 643072 (result: 0), SymType: '-deferred-', PDB: '', fileVersion: 10.0.22000.1
C:\WINDOWS\System32\ADVAPI32.dll:ADVAPI32.dll (00007FFCD5B70000), size: 712704 (result: 0), SymType: '-deferred-', PDB: '', fileVersion: 10.0.22000.1098
C:\Program Files\Unity\Hub\Editor\2021.3.14f1\Editor\s3tcompress.dll:s3tcompress.dll (00007FFCC12A0000), size: 180224 (result: 0), SymType: '-deferred-', PDB: ''
C:\WINDOWS\System32\msvcrt.dll:msvcrt.dll (00007FFCD59C0000), size: 667648 (result: 0), SymType: '-deferred-', PDB: '', fileVersion: 7.0.22000.1
C:\WINDOWS\System32\sechost.dll:sechost.dll (00007FFCD5FC0000), size: 647168 (result: 0), SymType: '-deferred-', PDB: '', fileVersion: 10.0.22000.708
C:\Program Files\Unity\Hub\Editor\2021.3.14f1\Editor\ispc_texcomp.dll:ispc_texcomp.dll (00007FFC978A0000), size: 1740800 (result: 0), SymType: '-deferred-', PDB: ''
C:\Program Files\Unity\Hub\Editor\2021.3.14f1\Editor\compress_bc7e.dll:compress_bc7e.dll (00007FFC9FB10000), size: 1441792 (result: 0), SymType: '-deferred-', PDB: ''
C:\Program Files\Unity\Hub\Editor\2021.3.14f1\Editor\etccompress.dll:etccompress.dll (00007FFC6AB70000), size: 5066752 (result: 0), SymType: '-deferred-', PDB: ''
C:\WINDOWS\System32\RPCRT4.dll:RPCRT4.dll (00007FFCD6FB0000), size: 1179648 (result: 0), SymType: '-deferred-', PDB: '', fileVersion: 10.0.22000.675
C:\Program Files\Unity\Hub\Editor\2021.3.14f1\Editor\FreeImage.dll:FreeImage.dll (0000000180000000), size: 6582272 (result: 0), SymType: '-deferred-', PDB: '', fileVersion: 3.18.0.0
C:\WINDOWS\System32\SHELL32.dll:SHELL32.dll (00007FFCD6780000), size: 8089600 (result: 0), SymType: '-deferred-', PDB: '', fileVersion: 10.0.22000.1281
C:\Program Files\Unity\Hub\Editor\2021.3.14f1\Editor\OpenImageDenoise.dll:OpenImageDenoise.dll (00007FFC619B0000), size: 48848896 (result: 0), SymType: '-deferred-', PDB: '', fileVersion: 1.4.2.0
C:\WINDOWS\System32\SHLWAPI.dll:SHLWAPI.dll (00007FFCD5A70000), size: 380928 (result: 0), SymType: '-deferred-', PDB: '', fileVersion: 10.0.22000.1
C:\WINDOWS\System32\ole32.dll:ole32.dll (00007FFCD65E0000), size: 1679360 (result: 0), SymType: '-deferred-', PDB: '', fileVersion: 10.0.22000.120
C:\WINDOWS\System32\WS2_32.dll:WS2_32.dll (00007FFCD7270000), size: 454656 (result: 0), SymType: '-deferred-', PDB: '', fileVersion: 10.0.22000.1
C:\WINDOWS\System32\combase.dll:combase.dll (00007FFCD5C20000), size: 3637248 (result: 0), SymType: '-deferred-', PDB: '', fileVersion: 10.0.22000.1165
C:\Program Files\Unity\Hub\Editor\2021.3.14f1\Editor\libfbxsdk.dll:libfbxsdk.dll (00007FFC6B050000), size: 10215424 (result: 0), SymType: '-deferred-', PDB: '', fileVersion: 2020.2.0.0
C:\WINDOWS\System32\IMM32.dll:IMM32.dll (00007FFCD79D0000), size: 204800 (result: 0), SymType: '-deferred-', PDB: '', fileVersion: 10.0.22000.1165
C:\WINDOWS\System32\SETUPAPI.dll:SETUPAPI.dll (00007FFCD6150000), size: 4636672 (result: 0), SymType: '-deferred-', PDB: '', fileVersion: 10.0.22000.469
C:\WINDOWS\System32\OLEAUT32.dll:OLEAUT32.dll (00007FFCD7740000), size: 876544 (result: 0), SymType: '-deferred-', PDB: '', fileVersion: 10.0.22000.1
C:\WINDOWS\System32\WINTRUST.dll:WINTRUST.dll (00007FFCD5490000), size: 425984 (result: 0), SymType: '-deferred-', PDB: '', fileVersion: 10.0.22000.1281
C:\Program Files\Unity\Hub\Editor\2021.3.14f1\Editor\WinPixEventRuntime.dll:WinPixEventRuntime.dll (00007FFCCE490000), size: 45056 (result: 0), SymType: '-deferred-', PDB: '', fileVersion: 1.0.1812.6001
C:\Program Files\Unity\Hub\Editor\2021.3.14f1\Editor\umbraoptimizer64.dll:umbraoptimizer64.dll (00007FFC915A0000), size: 1187840 (result: 0), SymType: '-deferred-', PDB: ''
C:\WINDOWS\SYSTEM32\VCRUNTIME140.dll:VCRUNTIME140.dll (00007FFCB1B70000), size: 110592 (result: 0), SymType: '-deferred-', PDB: '', fileVersion: 14.31.31103.0
C:\Program Files\Unity\Hub\Editor\2021.3.14f1\Editor\tbb12.dll:tbb12.dll (00007FFCBE420000), size: 434176 (result: 0), SymType: '-deferred-', PDB: ''
C:\WINDOWS\SYSTEM32\GLU32.dll:GLU32.dll (00007FFCBA550000), size: 184320 (result: 0), SymType: '-deferred-', PDB: '', fileVersion: 10.0.22000.1042
C:\WINDOWS\SYSTEM32\OPENGL32.dll:OPENGL32.dll (00007FFCB8D00000), size: 1052672 (result: 0), SymType: '-deferred-', PDB: '', fileVersion: 10.0.22000.1042
C:\WINDOWS\SYSTEM32\MSVCP140.dll:MSVCP140.dll (00007FFCB1AE0000), size: 581632 (result: 0), SymType: '-deferred-', PDB: '', fileVersion: 14.31.31103.0
C:\WINDOWS\SYSTEM32\IPHLPAPI.DLL:IPHLPAPI.DLL (00007FFCD3C10000), size: 184320 (result: 0), SymType: '-deferred-', PDB: '', fileVersion: 10.0.22000.282
C:\WINDOWS\SYSTEM32\WINHTTP.dll:WINHTTP.dll (00007FFCC9330000), size: 1130496 (result: 0), SymType: '-deferred-', PDB: '', fileVersion: 10.0.22000.1165
C:\WINDOWS\SYSTEM32\HID.DLL:HID.DLL (00007FFCD3960000), size: 57344 (result: 0), SymType: '-deferred-', PDB: '', fileVersion: 10.0.22000.1
C:\WINDOWS\SYSTEM32\bcrypt.dll:bcrypt.dll (00007FFCD49D0000), size: 159744 (result: 0), SymType: '-deferred-', PDB: '', fileVersion: 10.0.22000.1
C:\WINDOWS\SYSTEM32\WINMM.dll:WINMM.dll (00007FFCC9450000), size: 208896 (result: 0), SymType: '-deferred-', PDB: '', fileVersion: 10.0.22000.1
C:\WINDOWS\SYSTEM32\dwmapi.dll:dwmapi.dll (00007FFCCEB10000), size: 192512 (result: 0), SymType: '-deferred-', PDB: '', fileVersion: 10.0.22000.41
C:\Program Files\Unity\Hub\Editor\2021.3.14f1\Editor\RadeonImageFilters.dll:RadeonImageFilters.dll (00007FFC6A890000), size: 2961408 (result: 0), SymType: '-deferred-', PDB: '', fileVersion: 1.7.0.0
C:\WINDOWS\SYSTEM32\WSOCK32.dll:WSOCK32.dll (00007FFCB1920000), size: 36864 (result: 0), SymType: '-deferred-', PDB: '', fileVersion: 10.0.22000.1
C:\WINDOWS\SYSTEM32\VERSION.dll:VERSION.dll (00007FFCC7AF0000), size: 40960 (result: 0), SymType: '-deferred-', PDB: '', fileVersion: 10.0.22000.1
C:\Program Files\Unity\Hub\Editor\2021.3.14f1\Editor\SketchUpAPI.dll:SketchUpAPI.dll (00007FFC69D30000), size: 9306112 (result: 0), SymType: '-deferred-', PDB: '', fileVersion: 20.2.172.0
C:\Program Files\Unity\Hub\Editor\2021.3.14f1\Editor\tbbmalloc.dll:tbbmalloc.dll (00007FFCBF010000), size: 282624 (result: 0), SymType: '-deferred-', PDB: ''
C:\WINDOWS\SYSTEM32\VCRUNTIME140_1.dll:VCRUNTIME140_1.dll (00007FFCB1AD0000), size: 49152 (result: 0), SymType: '-deferred-', PDB: '', fileVersion: 14.31.31103.0
C:\Program Files\Unity\Hub\Editor\2021.3.14f1\Editor\RadeonML.dll:RadeonML.dll (00007FFCCD150000), size: 94208 (result: 0), SymType: '-deferred-', PDB: '', fileVersion: 0.9.11.0
C:\Program Files\Unity\Hub\Editor\2021.3.14f1\Editor\SketchUpCommonPreferences.dll:SketchUpCommonPreferences.dll (00007FFCBD750000), size: 479232 (result: 0), SymType: '-deferred-', PDB: '', fileVersion: 20.2.172.37
C:\WINDOWS\SYSTEM32\dxcore.dll:dxcore.dll (00007FFCCE990000), size: 229376 (result: 0), SymType: '-deferred-', PDB: '', fileVersion: 10.0.22000.653
C:\WINDOWS\SYSTEM32\Secur32.dll:Secur32.dll (00007FFCB77E0000), size: 49152 (result: 0), SymType: '-deferred-', PDB: '', fileVersion: 10.0.22000.675
C:\WINDOWS\SYSTEM32\SSPICLI.DLL:SSPICLI.DLL (00007FFCD43F0000), size: 270336 (result: 0), SymType: '-deferred-', PDB: '', fileVersion: 10.0.22000.1098
C:\Program Files\Unity\Hub\Editor\2021.3.14f1\Editor\OpenRL.dll:OpenRL.dll (0000026D981F0000), size: 12779520 (result: 0), SymType: '-deferred-', PDB: '', fileVersion: 1.5.0.2907
C:\Program Files\Unity\Hub\Editor\2021.3.14f1\Editor\embree.dll:embree.dll (00007FFC609C0000), size: 16711680 (result: 0), SymType: '-deferred-', PDB: '', fileVersion: 2.14.0.0
C:\WINDOWS\SYSTEM32\MSVCR100.dll:MSVCR100.dll (0000000058590000), size: 860160 (result: 0), SymType: '-deferred-', PDB: '', fileVersion: 10.0.40219.473
C:\Program Files\Unity\Hub\Editor\2021.3.14f1\Editor\tbb.dll:tbb.dll (00007FFCBCC60000), size: 413696 (result: 0), SymType: '-deferred-', PDB: '', fileVersion: 2017.0.2016.1004
C:\WINDOWS\SYSTEM32\cfgmgr32.DLL:cfgmgr32.DLL (00007FFCD4B60000), size: 311296 (result: 0), SymType: '-deferred-', PDB: '', fileVersion: 10.0.22000.1
C:\WINDOWS\SYSTEM32\MSVCR120.dll:MSVCR120.dll (00007FFC914B0000), size: 978944 (result: 0), SymType: '-deferred-', PDB: '', fileVersion: 12.0.40664.0
C:\WINDOWS\SYSTEM32\MSVCP100.dll:MSVCP100.dll (0000000058670000), size: 622592 (result: 0), SymType: '-deferred-', PDB: '', fileVersion: 10.0.40219.473
C:\WINDOWS\SYSTEM32\MSWSOCK.DLL:MSWSOCK.DLL (00007FFCD4600000), size: 421888 (result: 0), SymType: '-deferred-', PDB: '', fileVersion: 10.0.22000.1
C:\WINDOWS\SYSTEM32\MSVCP120.dll:MSVCP120.dll (00007FFCB2900000), size: 679936 (result: 0), SymType: '-deferred-', PDB: '', fileVersion: 12.0.40664.0
C:\Program Files\Unity\Hub\Editor\2021.3.14f1\Editor\OpenRL_pthread.dll:OpenRL_pthread.dll (0000026D98E40000), size: 61440 (result: 0), SymType: '-deferred-', PDB: '', fileVersion: 2.9.0.0
C:\WINDOWS\SYSTEM32\MSASN1.dll:MSASN1.dll (00007FFCD48A0000), size: 73728 (result: 0), SymType: '-deferred-', PDB: '', fileVersion: 10.0.22000.1219
C:\WINDOWS\SYSTEM32\kernel.appcore.dll:kernel.appcore.dll (00007FFCD4160000), size: 98304 (result: 0), SymType: '-deferred-', PDB: '', fileVersion: 10.0.22000.71
C:\WINDOWS\System32\bcryptPrimitives.dll:bcryptPrimitives.dll (00007FFCD5800000), size: 520192 (result: 0), SymType: '-deferred-', PDB: '', fileVersion: 10.0.22000.778
C:\WINDOWS\system32\uxtheme.dll:uxtheme.dll (00007FFCCE8B0000), size: 704512 (result: 0), SymType: '-deferred-', PDB: '', fileVersion: 10.0.22000.832
C:\ProgramData\A-Volute\DellInc.AlienwareSoundCenter\Modules\ScheduledModules\x64\AudioDevProps2.dll:AudioDevProps2.dll (00007FFC99030000), size: 1249280 (result: 0), SymType: '-deferred-', PDB: '', fileVersion: 2.6.12.0
C:\ProgramData\A-Volute\DellInc.AlienwareSoundCenter\Modules\ScheduledModules\x64\NahimicOSD.dll:NahimicOSD.dll (00007FFC9A810000), size: 712704 (result: 0), SymType: '-deferred-', PDB: '', fileVersion: 2.2.25.0
C:\ProgramData\A-Volute\DellInc.AlienwareSoundCenter\Modules\ScheduledModules\x64\ProductInfo.dll:ProductInfo.dll (00007FFCAC070000), size: 135168 (result: 0), SymType: '-deferred-', PDB: '', fileVersion: 1.5.13.0
C:\WINDOWS\System32\shcore.dll:shcore.dll (00007FFCD6060000), size: 958464 (result: 0), SymType: '-deferred-', PDB: '', fileVersion: 10.0.22000.613
C:\WINDOWS\SYSTEM32\windows.storage.dll:windows.storage.dll (00007FFCD30F0000), size: 8802304 (result: 0), SymType: '-deferred-', PDB: '', fileVersion: 10.0.22000.1281
C:\WINDOWS\SYSTEM32\wintypes.dll:wintypes.dll (00007FFCD2F80000), size: 1466368 (result: 0), SymType: '-deferred-', PDB: '', fileVersion: 10.0.22000.1165
C:\WINDOWS\SYSTEM32\profapi.dll:profapi.dll (00007FFCD4F20000), size: 135168 (result: 0), SymType: '-deferred-', PDB: '', fileVersion: 10.0.22000.1
C:\WINDOWS\system32\IconCodecService.dll:IconCodecService.dll (00007FFCC1B90000), size: 36864 (result: 0), SymType: '-deferred-', PDB: '', fileVersion: 10.0.22000.1
C:\WINDOWS\SYSTEM32\WindowsCodecs.dll:WindowsCodecs.dll (00007FFCCA9A0000), size: 1761280 (result: 0), SymType: '-deferred-', PDB: '', fileVersion: 10.0.22000.1042
C:\WINDOWS\System32\clbcatq.dll:clbcatq.dll (00007FFCD7A20000), size: 741376 (result: 0), SymType: '-deferred-', PDB: '', fileVersion: 2001.12.10941.16384
C:\WINDOWS\System32\netprofm.dll:netprofm.dll (00007FFCCB670000), size: 462848 (result: 0), SymType: '-deferred-', PDB: '', fileVersion: 10.0.22000.1281
C:\WINDOWS\System32\npmproxy.dll:npmproxy.dll (00007FFCC2C50000), size: 73728 (result: 0), SymType: '-deferred-', PDB: '', fileVersion: 10.0.22000.1281
C:\WINDOWS\System32\NSI.dll:NSI.dll (00007FFCD59A0000), size: 36864 (result: 0), SymType: '-deferred-', PDB: '', fileVersion: 10.0.22000.1
C:\WINDOWS\SYSTEM32\dhcpcsvc6.DLL:dhcpcsvc6.DLL (00007FFCC9190000), size: 102400 (result: 0), SymType: '-deferred-', PDB: '', fileVersion: 10.0.22000.1098
C:\WINDOWS\SYSTEM32\dhcpcsvc.DLL:dhcpcsvc.DLL (00007FFCC97C0000), size: 122880 (result: 0), SymType: '-deferred-', PDB: '', fileVersion: 10.0.22000.1098
C:\WINDOWS\SYSTEM32\DNSAPI.dll:DNSAPI.dll (00007FFCD3C40000), size: 950272 (result: 0), SymType: '-deferred-', PDB: '', fileVersion: 10.0.22000.1165
C:\WINDOWS\System32\fwpuclnt.dll:fwpuclnt.dll (00007FFCC61A0000), size: 528384 (result: 0), SymType: '-deferred-', PDB: '', fileVersion: 10.0.22000.1042
C:\Windows\System32\rasadhlp.dll:rasadhlp.dll (00007FFCC2CD0000), size: 40960 (result: 0), SymType: '-deferred-', PDB: '', fileVersion: 10.0.22000.1
C:\Program Files\Unity\Hub\Editor\2021.3.14f1\Editor\NVUnityPlugin.DLL:NVUnityPlugin.DLL (00007FFC67A70000), size: 1536000 (result: 0), SymType: '-deferred-', PDB: ''
C:\Program Files\Unity\Hub\Editor\2021.3.14f1\Editor\Data\Tools\astcenc-avx2.dll:astcenc-avx2.dll (00007FFC68740000), size: 561152 (result: 0), SymType: '-deferred-', PDB: ''
C:\WINDOWS\SYSTEM32\d3d11.dll:d3d11.dll (00007FFCCB3D0000), size: 2621440 (result: 0), SymType: '-deferred-', PDB: '', fileVersion: 10.0.22000.1042
C:\WINDOWS\SYSTEM32\dxgi.dll:dxgi.dll (00007FFCCE9D0000), size: 995328 (result: 0), SymType: '-deferred-', PDB: '', fileVersion: 10.0.22000.1042
C:\WINDOWS\SYSTEM32\directxdatabasehelper.dll:directxdatabasehelper.dll (00007FFCCCA50000), size: 278528 (result: 0), SymType: '-deferred-', PDB: '', fileVersion: 10.0.22000.653
C:\WINDOWS\SYSTEM32\ntmarta.dll:ntmarta.dll (00007FFCD4180000), size: 212992 (result: 0), SymType: '-deferred-', PDB: '', fileVersion: 10.0.22000.1
C:\WINDOWS\SYSTEM32\cryptnet.dll:cryptnet.dll (00007FFCC5C20000), size: 200704 (result: 0), SymType: '-deferred-', PDB: '', fileVersion: 10.0.22000.1
C:\WINDOWS\SYSTEM32\cryptbase.dll:cryptbase.dll (00007FFCD4860000), size: 49152 (result: 0), SymType: '-deferred-', PDB: '', fileVersion: 10.0.22000.1
C:\WINDOWS\System32\imagehlp.dll:imagehlp.dll (00007FFCD5FA0000), size: 126976 (result: 0), SymType: '-deferred-', PDB: '', fileVersion: 10.0.22000.1
C:\WINDOWS\SYSTEM32\CRYPTSP.dll:CRYPTSP.dll (00007FFCD4840000), size: 98304 (result: 0), SymType: '-deferred-', PDB: '', fileVersion: 10.0.22000.1
C:\WINDOWS\system32\rsaenh.dll:rsaenh.dll (00007FFCD40C0000), size: 217088 (result: 0), SymType: '-deferred-', PDB: '', fileVersion: 10.0.22000.282
C:\WINDOWS\SYSTEM32\D3D10Warp.dll:D3D10Warp.dll (00007FFCCACC0000), size: 7348224 (result: 0), SymType: '-deferred-', PDB: '', fileVersion: 10.0.22000.1042
C:\WINDOWS\system32\wbem\wbemprox.dll:wbemprox.dll (00007FFCC2270000), size: 65536 (result: 0), SymType: '-deferred-', PDB: '', fileVersion: 10.0.22000.1
C:\WINDOWS\SYSTEM32\wbemcomn.dll:wbemcomn.dll (00007FFCC0580000), size: 532480 (result: 0), SymType: '-deferred-', PDB: '', fileVersion: 10.0.22000.1
C:\WINDOWS\system32\wbem\wbemsvc.dll:wbemsvc.dll (00007FFCBF990000), size: 81920 (result: 0), SymType: '-deferred-', PDB: '', fileVersion: 10.0.22000.1
C:\WINDOWS\SYSTEM32\opencl.dll:opencl.dll (00007FFC677D0000), size: 1474560 (result: 0), SymType: '-deferred-', PDB: '', fileVersion: 3.0.1.0
C:\Program Files\Unity\Hub\Editor\2021.3.14f1\Editor\radeonrays.dll:radeonrays.dll (00007FFC68300000), size: 557056 (result: 0), SymType: '-deferred-', PDB: ''
C:\Program Files\Unity\Hub\Editor\2021.3.14f1\Editor\Data\MonoBleedingEdge\EmbedRuntime\mono-2.0-bdwgc.dll:mono-2.0-bdwgc.dll (00007FFC45DE0000), size: 10686464 (result: 0), SymType: '-deferred-', PDB: ''
C:\WINDOWS\SYSTEM32\dbghelp.dll:dbghelp.dll (00007FFCD2AB0000), size: 2232320 (result: 0), SymType: '-deferred-', PDB: '', fileVersion: 10.0.22000.1

========== OUTPUTTING STACK TRACE ==================

0x00007FFCD515441C (KERNELBASE) RaiseException
0x00007FFC45E5064C (mono-2.0-bdwgc) [C:\build\output\Unity-Technologies\mono\mono\utils\mono-log-common.c:143] mono_log_write_logfile 
0x00007FFC45E3C4A2 (mono-2.0-bdwgc) [C:\build\output\Unity-Technologies\mono\mono\eglib\goutput.c:172] monoeg_g_logv_nofree 
0x00007FFC45E3C508 (mono-2.0-bdwgc) [C:\build\output\Unity-Technologies\mono\mono\eglib\goutput.c:187] monoeg_g_log 
0x00007FFC45F56BE3 (mono-2.0-bdwgc) [C:\build\output\Unity-Technologies\mono\mono\metadata\mempool.c:297] mono_mempool_alloc 
0x00007FFC45F24F2F (mono-2.0-bdwgc) [C:\build\output\Unity-Technologies\mono\mono\metadata\image.c:3353] mono_image_alloc 
0x00007FFC45EB084E (mono-2.0-bdwgc) [C:\build\output\Unity-Technologies\mono\mono\metadata\class-setup-vtable.c:312] mono_class_setup_interface_offsets_internal 
0x00007FFC45EAB469 (mono-2.0-bdwgc) [C:\build\output\Unity-Technologies\mono\mono\metadata\class-init.c:2977] mono_class_init_internal 
0x00007FFC45EA0523 (mono-2.0-bdwgc) [C:\build\output\Unity-Technologies\mono\mono\metadata\class.c:5192] mono_class_get_interfaces 
0x00007FF76682E0C7 (Unity) scripting_class_get_interfaces
0x00007FF7667D63C1 (Unity) ScrapeImplementedInterfaces
0x00007FF7667D5106 (Unity) ScanAssemblyForAttributesAndInterfaceImplementations
0x00007FF7667D60BF (Unity) ScanForAttributesAndInterfaceImplementations
0x00007FF766804023 (Unity) MonoManager::SetupTypeCache
0x00007FF7667F9493 (Unity) MonoManager::EndReloadAssembly
0x00007FF7668013B8 (Unity) MonoManager::ReloadAssembly
0x00007FF7677337AE (Unity) LoadUnityMonoAssemblies
0x00007FF767422840 (Unity) Application::InitializeProject
0x00007FF767882FF8 (Unity) WinMain
0x00007FF768C24FBE (Unity) __scrt_common_main_seh
0x00007FFCD70E55A0 (KERNEL32) BaseThreadInitThunk
0x00007FFCD7B2485B (ntdll) RtlUserThreadStart

========== END OF STACKTRACE ===========

A crash has been intercepted by the crash handler. For call stack and other details, see the latest crash report generated in:
 * C:/Users/Admin/AppData/Local/Temp/Unity/Editor/Crashes
